#
# There is insufficient memory for the Java Runtime Environment to continue.
# Native memory allocation (mmap) failed to map 131072 bytes for committing reserved memory.
# Possible reasons:
#   The system is out of physical RAM or swap space
#   In 32 bit mode, the process size limit was hit
# Possible solutions:
#   Reduce memory load on the system
#   Increase physical memory or swap space
#   Check if swap backing store is full
#   Use 64 bit Java on a 64 bit OS
#   Decrease Java heap size (-Xmx/-Xms)
#   Decrease number of Java threads
#   Decrease Java thread stack sizes (-Xss)
#   Set larger code cache with -XX:ReservedCodeCacheSize=
# This output file may be truncated or incomplete.
#
#  Out of Memory Error (os_linux.cpp:2673), pid=22510, tid=2251025216
#
# JRE version: OpenJDK Runtime Environment (8.0_40-b25) (build 1.8.0_40-b25)
# Java VM: OpenJDK Server VM (25.40-b25 mixed mode linux-x86 )
# Failed to write core dump. Core dumps have been disabled. To enable core dumping, try "ulimit -c unlimited" before starting Java again
#

---------------  T H R E A D  ---------------

Current thread (0xb6484400):  JavaThread "C1 CompilerThread1" daemon [_thread_in_vm, id=22522, stack(0x8623e000,0x862bf000)]

Stack: [0x8623e000,0x862bf000],  sp=0x862bd7a0,  free space=509k
Native frames: (J=compiled Java code, j=interpreted, Vv=VM code, C=native code)
V  [libjvm.so+0x870cf9]  VMError::report_and_die()+0x179
V  [libjvm.so+0x394017]  report_vm_out_of_memory(char const*, int, unsigned int, VMErrorType, char const*)+0x67
V  [libjvm.so+0x6f0307]  os::pd_commit_memory(char*, unsigned int, unsigned int, bool)+0x117
V  [libjvm.so+0x6ea6e6]  os::commit_memory(char*, unsigned int, unsigned int, bool)+0x36
V  [libjvm.so+0x86d75f]  VirtualSpace::expand_by(unsigned int, bool)+0x1df
V  [libjvm.so+0x689c1f]  VirtualSpaceList::expand_by(unsigned int, unsigned int)+0xef
V  [libjvm.so+0x689e31]  VirtualSpaceList::get_new_chunk(unsigned int, unsigned int, unsigned int)+0x81
V  [libjvm.so+0x68b0b1]  SpaceManager::grow_and_allocate(unsigned int)+0x2c1
V  [libjvm.so+0x68b1d4]  SpaceManager::allocate_work(unsigned int)+0xa4
V  [libjvm.so+0x68b740]  SpaceManager::allocate(unsigned int)+0x60
V  [libjvm.so+0x68b8b9]  Metaspace::allocate(ClassLoaderData*, unsigned int, bool, MetaspaceObj::Type, Thread*)+0xa9
V  [libjvm.so+0x6a1875]  MethodData::allocate(ClassLoaderData*, methodHandle, Thread*)+0x105
V  [libjvm.so+0x691504]  Method::build_interpreter_method_data(methodHandle, Thread*)+0x84
V  [libjvm.so+0x2daa04]  ciMethod::ensure_method_data(methodHandle)+0xd4
V  [libjvm.so+0x2dd58e]  ciMethod::ensure_method_data()+0x9e
V  [libjvm.so+0x22099b]  Compilation::compile_java_method()+0x3bb
V  [libjvm.so+0x220a80]  Compilation::compile_method()+0x70
V  [libjvm.so+0x220f31]  Compilation::Compilation(AbstractCompiler*, ciEnv*, ciMethod*, int, BufferBlob*)+0x231
V  [libjvm.so+0x221ccb]  Compiler::compile_method(ciEnv*, ciMethod*, int)+0x8b
V  [libjvm.so+0x351596]  CompileBroker::invoke_compiler_on_method(CompileTask*)+0xac6
V  [libjvm.so+0x3524ae]  CompileBroker::compiler_thread_loop()+0x4be
V  [libjvm.so+0x81a925]  compiler_thread_entry(JavaThread*, Thread*)+0x15
V  [libjvm.so+0x822ab9]  JavaThread::thread_main_inner()+0x209
V  [libjvm.so+0x6ed320]  java_start(Thread*)+0x100
C  [libpthread.so.0+0x6f12]  start_thread+0xd2
C  [libc.so.6+0xea47e]  clone+0x5e


Current CompileTask:
C1:  42651  789 %     3       ttfe.AI::getPlayerMove @ 105 (489 bytes)


---------------  P R O C E S S  ---------------

Java Threads: ( => current thread )
  0x85649c00 JavaThread "AWT-EventQueue-0" [_thread_blocked, id=22530, stack(0x84b99000,0x84bea000)]
  0x85da0000 JavaThread "AWT-Shutdown" [_thread_blocked, id=22529, stack(0x85763000,0x857b4000)]
  0x85d3f400 JavaThread "AWT-XAWT" daemon [_thread_in_vm, id=22526, stack(0x85aaf000,0x85b00000)]
  0x85d26c00 JavaThread "Java2D Disposer" daemon [_thread_blocked, id=22525, stack(0x85c1d000,0x85c6e000)]
  0xb6487800 JavaThread "Service Thread" daemon [_thread_blocked, id=22523, stack(0x861ed000,0x8623e000)]
=>0xb6484400 JavaThread "C1 CompilerThread1" daemon [_thread_in_vm, id=22522, stack(0x8623e000,0x862bf000)]
  0xb6482c00 JavaThread "C2 CompilerThread0" daemon [_thread_blocked, id=22521, stack(0x862bf000,0x86340000)]
  0xb6481400 JavaThread "Signal Dispatcher" daemon [_thread_blocked, id=22520, stack(0x86340000,0x86391000)]
  0xb6461c00 JavaThread "Finalizer" daemon [_thread_blocked, id=22519, stack(0x8661c000,0x8666d000)]
  0xb6460400 JavaThread "Reference Handler" daemon [_thread_blocked, id=22518, stack(0x8666d000,0x866be000)]
  0xb6407400 JavaThread "main" [_thread_blocked, id=22516, stack(0xb6523000,0xb6574000)]

Other Threads:
  0xb645d400 VMThread [stack: 0x866be000,0x8673f000] [id=22517]
  0xb6489400 WatcherThread [stack: 0x8616c000,0x861ed000] [id=22524]

VM state:not at safepoint (normal execution)

VM Mutex/Monitor currently owned by a thread:  ([mutex/lock_event])
[0xb6405590] MethodData_lock - owner thread: 0xb6484400

Heap:
 def new generation   total 157248K, used 67249K [0x86e00000, 0x918a0000, 0x918a0000)
  eden space 139776K,  48% used [0x86e00000, 0x8afac6a0, 0x8f680000)
  from space 17472K,   0% used [0x8f680000, 0x8f680000, 0x90790000)
  to   space 17472K,   0% used [0x90790000, 0x90790000, 0x918a0000)
 tenured generation   total 349568K, used 349529K [0x918a0000, 0xa6e00000, 0xa6e00000)
   the space 349568K,  99% used [0x918a0000, 0xa6df6770, 0xa6df6800, 0xa6e00000)
 Metaspace       used 6865K, capacity 7021K, committed 7064K, reserved 7472K

Card table byte_map: [0xa6ed9000,0xa6fda000] byte_map_base: 0xa6aa2000

Polling page: 0xb77a9000

CodeCache: size=245760Kb used=2198Kb max_used=2215Kb free=243561Kb
 bounds [0xa739a000, 0xa75da000, 0xb639a000]
 total_blobs=1066 nmethods=788 adapters=194
 compilation: enabled

Compilation events (10 events):
Event: 8.268 Thread 0xb6482c00  703       4       ttfe.Simple::isMovePossible (421 bytes)
Event: 8.337 Thread 0xb6482c00 nmethod 703 0xa75bd2c8 code [0xa75bd400, 0xa75bdb90]
Event: 8.337 Thread 0xb6482c00  698       4       java.util.Random::nextInt (74 bytes)
Event: 8.339 Thread 0xb6482c00 nmethod 698 0xa75b9348 code [0xa75b9440, 0xa75b95f0]
Event: 8.339 Thread 0xb6482c00  694  s    4       java.io.ByteArrayOutputStream::write (32 bytes)
Event: 8.357 Thread 0xb6482c00 nmethod 694 0xa75baa88 code [0xa75babc0, 0xa75bae7c]
Event: 8.357 Thread 0xb6482c00  778 %     4       ttfe.Simple::performMove @ 725 (1473 bytes)
Event: 24.347 Thread 0xb6482c00 nmethod 778% 0xa75b99c8 code [0xa75b9b20, 0xa75ba4d0]
Event: 24.584 Thread 0xb6482c00  788       4       java.nio.Buffer::position (43 bytes)
Event: 24.584 Thread 0xb6484400  789 %     3       ttfe.AI::getPlayerMove @ 105 (489 bytes)

GC Heap History (10 events):
Event: 5.427 GC heap before
{Heap before GC invocations=6 (full 2):
 def new generation   total 41280K, used 36736K [0x86e00000, 0x89ac0000, 0x918a0000)
  eden space 36736K, 100% used [0x86e00000, 0x891e0000, 0x891e0000)
  from space 4544K,   0% used [0x891e0000, 0x891e0000, 0x89650000)
  to   space 4544K,   0% used [0x89650000, 0x89650000, 0x89ac0000)
 tenured generation   total 91568K, used 54938K [0x918a0000, 0x9720c000, 0xa6e00000)
   the space 91568K,  59% used [0x918a0000, 0x94e46b00, 0x94e46c00, 0x9720c000)
 Metaspace       used 6639K, capacity 6797K, committed 6936K, reserved 7472K
Event: 5.535 GC heap after
Heap after GC invocations=7 (full 2):
 def new generation   total 41280K, used 4544K [0x86e00000, 0x89ac0000, 0x918a0000)
  eden space 36736K,   0% used [0x86e00000, 0x86e00000, 0x891e0000)
  from space 4544K, 100% used [0x89650000, 0x89ac0000, 0x89ac0000)
  to   space 4544K,   0% used [0x891e0000, 0x891e0000, 0x89650000)
 tenured generation   total 91568K, used 85914K [0x918a0000, 0x9720c000, 0xa6e00000)
   the space 91568K,  93% used [0x918a0000, 0x96c86920, 0x96c86a00, 0x9720c000)
 Metaspace       used 6639K, capacity 6797K, committed 6936K, reserved 7472K
}
Event: 5.549 GC heap before
{Heap before GC invocations=7 (full 2):
 def new generation   total 41280K, used 41271K [0x86e00000, 0x89ac0000, 0x918a0000)
  eden space 36736K,  99% used [0x86e00000, 0x891ddfa0, 0x891e0000)
  from space 4544K, 100% used [0x89650000, 0x89ac0000, 0x89ac0000)
  to   space 4544K,   0% used [0x891e0000, 0x891e0000, 0x89650000)
 tenured generation   total 91568K, used 85914K [0x918a0000, 0x9720c000, 0xa6e00000)
   the space 91568K,  93% used [0x918a0000, 0x96c86920, 0x96c86a00, 0x9720c000)
 Metaspace       used 6639K, capacity 6797K, committed 6936K, reserved 7472K
Event: 6.039 GC heap after
Heap after GC invocations=8 (full 3):
 def new generation   total 92096K, used 4493K [0x86e00000, 0x8d1e0000, 0x918a0000)
  eden space 81920K,   5% used [0x86e00000, 0x872637f0, 0x8be00000)
  from space 10176K,   0% used [0x8be00000, 0x8be00000, 0x8c7f0000)
  to   space 10176K,   0% used [0x8c7f0000, 0x8c7f0000, 0x8d1e0000)
 tenured generation   total 204432K, used 122658K [0x918a0000, 0x9e044000, 0xa6e00000)
   the space 204432K,  59% used [0x918a0000, 0x99068aa0, 0x99068c00, 0x9e044000)
 Metaspace       used 6639K, capacity 6797K, committed 6936K, reserved 7472K
}
Event: 6.149 GC heap before
{Heap before GC invocations=8 (full 3):
 def new generation   total 92096K, used 81920K [0x86e00000, 0x8d1e0000, 0x918a0000)
  eden space 81920K, 100% used [0x86e00000, 0x8be00000, 0x8be00000)
  from space 10176K,   0% used [0x8be00000, 0x8be00000, 0x8c7f0000)
  to   space 10176K,   0% used [0x8c7f0000, 0x8c7f0000, 0x8d1e0000)
 tenured generation   total 204432K, used 122658K [0x918a0000, 0x9e044000, 0xa6e00000)
   the space 204432K,  59% used [0x918a0000, 0x99068aa0, 0x99068c00, 0x9e044000)
 Metaspace       used 6647K, capacity 6829K, committed 6936K, reserved 7472K
Event: 6.533 GC heap after
Heap after GC invocations=9 (full 3):
 def new generation   total 92096K, used 10175K [0x86e00000, 0x8d1e0000, 0x918a0000)
  eden space 81920K,   0% used [0x86e00000, 0x86e00000, 0x8be00000)
  from space 10176K,  99% used [0x8c7f0000, 0x8d1dfff8, 0x8d1e0000)
  to   space 10176K,   0% used [0x8be00000, 0x8be00000, 0x8c7f0000)
 tenured generation   total 204432K, used 193745K [0x918a0000, 0x9e044000, 0xa6e00000)
   the space 204432K,  94% used [0x918a0000, 0x9d5d45c0, 0x9d5d4600, 0x9e044000)
 Metaspace       used 6647K, capacity 6829K, committed 6936K, reserved 7472K
}
Event: 6.602 GC heap before
{Heap before GC invocations=9 (full 3):
 def new generation   total 92096K, used 92095K [0x86e00000, 0x8d1e0000, 0x918a0000)
  eden space 81920K, 100% used [0x86e00000, 0x8be00000, 0x8be00000)
  from space 10176K,  99% used [0x8c7f0000, 0x8d1dfff8, 0x8d1e0000)
  to   space 10176K,   0% used [0x8be00000, 0x8be00000, 0x8c7f0000)
 tenured generation   total 204432K, used 193745K [0x918a0000, 0x9e044000, 0xa6e00000)
   the space 204432K,  94% used [0x918a0000, 0x9d5d45c0, 0x9d5d4600, 0x9e044000)
 Metaspace       used 6652K, capacity 6829K, committed 6936K, reserved 7472K
Event: 7.349 GC heap after
Heap after GC invocations=10 (full 4):
 def new generation   total 157248K, used 9583K [0x86e00000, 0x918a0000, 0x918a0000)
  eden space 139776K,   6% used [0x86e00000, 0x8775bc50, 0x8f680000)
  from space 17472K,   0% used [0x8f680000, 0x8f680000, 0x90790000)
  to   space 17472K,   0% used [0x90790000, 0x90790000, 0x918a0000)
 tenured generation   total 349568K, used 275437K [0x918a0000, 0xa6e00000, 0xa6e00000)
   the space 349568K,  78% used [0x918a0000, 0xa259b420, 0xa259b600, 0xa6e00000)
 Metaspace       used 6652K, capacity 6829K, committed 6936K, reserved 7472K
}
Event: 8.407 GC heap before
{Heap before GC invocations=10 (full 4):
 def new generation   total 157248K, used 139776K [0x86e00000, 0x918a0000, 0x918a0000)
  eden space 139776K, 100% used [0x86e00000, 0x8f680000, 0x8f680000)
  from space 17472K,   0% used [0x8f680000, 0x8f680000, 0x90790000)
  to   space 17472K,   0% used [0x90790000, 0x90790000, 0x918a0000)
 tenured generation   total 349568K, used 275437K [0x918a0000, 0xa6e00000, 0xa6e00000)
   the space 349568K,  78% used [0x918a0000, 0xa259b420, 0xa259b600, 0xa6e00000)
 Metaspace       used 6846K, capacity 7021K, committed 7064K, reserved 7472K
Event: 9.349 GC heap after
Heap after GC invocations=11 (full 5):
 def new generation   total 157248K, used 43127K [0x86e00000, 0x918a0000, 0x918a0000)
  eden space 139776K,  30% used [0x86e00000, 0x8981dfe0, 0x8f680000)
  from space 17472K,   0% used [0x8f680000, 0x8f680000, 0x90790000)
  to   space 17472K,   0% used [0x90790000, 0x90790000, 0x918a0000)
 tenured generation   total 349568K, used 349529K [0x918a0000, 0xa6e00000, 0xa6e00000)
   the space 349568K,  99% used [0x918a0000, 0xa6df6770, 0xa6df6800, 0xa6e00000)
 Metaspace       used 6846K, capacity 7021K, committed 7064K, reserved 7472K
}

Deoptimization events (2 events):
Event: 3.767 Thread 0xb6407400 Uncommon trap: reason=unstable_if action=reinterpret pc=0xa74f7354 method=java.io.BufferedReader.read()I @ 19
Event: 4.167 Thread 0xb6407400 Uncommon trap: reason=unstable_if action=reinterpret pc=0xa74e52d4 method=java.nio.Buffer.nextGetIndex()I @ 8

Internal exceptions (10 events):
Event: 0.709 Thread 0xb6407400 Exception <a 'java/security/PrivilegedActionException'> (0x86efb968) thrown at [/home/abuild/rpmbuild/BUILD/jdk8u40-e26f15704e37/hotspot/src/share/vm/prims/jvm.cpp, line 1382]
Event: 0.711 Thread 0xb6407400 Exception <a 'java/security/PrivilegedActionException'> (0x86efc350) thrown at [/home/abuild/rpmbuild/BUILD/jdk8u40-e26f15704e37/hotspot/src/share/vm/prims/jvm.cpp, line 1382]
Event: 0.711 Thread 0xb6407400 Exception <a 'java/security/PrivilegedActionException'> (0x86efc500) thrown at [/home/abuild/rpmbuild/BUILD/jdk8u40-e26f15704e37/hotspot/src/share/vm/prims/jvm.cpp, line 1382]
Event: 0.799 Thread 0xb6407400 Exception <a 'java/io/FileNotFoundException'> (0x86f04928) thrown at [/home/abuild/rpmbuild/BUILD/jdk8u40-e26f15704e37/hotspot/src/share/vm/prims/jni.cpp, line 709]
Event: 0.799 Thread 0xb6407400 Exception <a 'java/io/FileNotFoundException'> (0x86f05258) thrown at [/home/abuild/rpmbuild/BUILD/jdk8u40-e26f15704e37/hotspot/src/share/vm/prims/jni.cpp, line 709]
Event: 0.954 Thread 0xb6407400 Exception <a 'java/lang/ClassNotFoundException': sun/dc/DuctusRenderingEngine> (0x86f19b08) thrown at [/home/abuild/rpmbuild/BUILD/jdk8u40-e26f15704e37/hotspot/src/share/vm/classfile/systemDictionary.cpp, line 210]
Event: 1.766 Thread 0xb6407400 Exception <a 'java/lang/NoSuchFieldError': method resolution failed> (0x8700b018) thrown at [/home/abuild/rpmbuild/BUILD/jdk8u40-e26f15704e37/hotspot/src/share/vm/prims/methodHandles.cpp, line 1125]
Event: 1.779 Thread 0xb6407400 Exception <a 'java/lang/NoSuchFieldError': method resolution failed> (0x87018508) thrown at [/home/abuild/rpmbuild/BUILD/jdk8u40-e26f15704e37/hotspot/src/share/vm/prims/methodHandles.cpp, line 1125]
Event: 3.128 Thread 0xb6407400 Exception <a 'java/net/UnknownHostException'> (0x87195c58) thrown at [/home/abuild/rpmbuild/BUILD/jdk8u40-e26f15704e37/hotspot/src/share/vm/prims/jni.cpp, line 709]
Event: 8.020 Thread 0x85649c00 Exception <a 'java/lang/UnsupportedOperationException': > (0x8ebf8038) thrown at [/home/abuild/rpmbuild/BUILD/jdk8u40-e26f15704e37/hotspot/src/share/vm/prims/jni.cpp, line 735]

Events (10 events):
Event: 23.829 Thread 0xb6407400 DEOPT PACKING pc=0xa758ecee sp=0xb6572eb0
Event: 23.829 Thread 0xb6407400 DEOPT UNPACKING pc=0xa73d6310 sp=0xb6572db8 mode 0
Event: 23.830 Thread 0xb6407400 DEOPT PACKING pc=0xa758ecee sp=0xb6572eb0
Event: 23.830 Thread 0xb6407400 DEOPT UNPACKING pc=0xa73d6310 sp=0xb6572db8 mode 0
Event: 24.582 Thread 0xb6407400 DEOPT PACKING pc=0xa758ecee sp=0xb6572eb0
Event: 24.582 Thread 0xb6407400 DEOPT UNPACKING pc=0xa73d6310 sp=0xb6572db8 mode 0
Event: 24.585 Thread 0xb6407400 DEOPT PACKING pc=0xa758ecee sp=0xb6572eb0
Event: 24.585 Thread 0xb6407400 DEOPT UNPACKING pc=0xa73d6310 sp=0xb6572db8 mode 0
Event: 24.585 Thread 0xb6407400 DEOPT PACKING pc=0xa758ecee sp=0xb6572eb0
Event: 24.585 Thread 0xb6407400 DEOPT UNPACKING pc=0xa73d6310 sp=0xb6572db8 mode 0


Dynamic libraries:
08048000-08049000 r-xp 00000000 08:01 534681     /usr/lib/jvm/java-1.8.0-openjdk-1.8.0/jre/bin/java
08049000-0804a000 r--p 00000000 08:01 534681     /usr/lib/jvm/java-1.8.0-openjdk-1.8.0/jre/bin/java
0804a000-0804b000 rw-p 00001000 08:01 534681     /usr/lib/jvm/java-1.8.0-openjdk-1.8.0/jre/bin/java
096ec000-09894000 rw-p 00000000 00:00 0          [heap]
84b99000-84b9c000 ---p 00000000 00:00 0 
84b9c000-84bea000 rw-p 00000000 00:00 0          [stack:22530]
84f00000-84ffe000 rw-p 00000000 00:00 0 
84ffe000-85000000 ---p 00000000 00:00 0 
85100000-851ed000 rw-p 00000000 00:00 0 
851ed000-85200000 ---p 00000000 00:00 0 
8526c000-8530c000 rw-p 00000000 00:00 0 
8532c000-8536c000 ---p 00000000 00:00 0 
8536c000-85382000 r--s 00000000 08:01 32903      /var/cache/fontconfig/7ef2298fde41cc6eeb7af42e48b7d293-i586.cache-4
85382000-85395000 r--s 00000000 08:01 32904      /var/cache/fontconfig/8d4af663993b81a124ee82e610bb31f9-i586.cache-4
85395000-853e9000 r--s 00000000 08:01 32898      /var/cache/fontconfig/17090aa38d5c6f09fb8c5c354938f1d7-i586.cache-4
853e9000-8543d000 r--s 00000000 08:01 32910      /var/cache/fontconfig/df311e82a1a24c41a75c2c930223552e-i586.cache-4
85600000-856fe000 rw-p 00000000 00:00 0 
856fe000-85700000 ---p 00000000 00:00 0 
8573b000-8574e000 r-xp 00000000 08:01 459078     /lib/libresolv-2.19.so
8574e000-8574f000 ---p 00013000 08:01 459078     /lib/libresolv-2.19.so
8574f000-85750000 r--p 00013000 08:01 459078     /lib/libresolv-2.19.so
85750000-85751000 rw-p 00014000 08:01 459078     /lib/libresolv-2.19.so
85751000-85753000 rw-p 00000000 00:00 0 
85758000-85763000 r--s 00000000 08:01 32907      /var/cache/fontconfig/d42e465d3d703735db7577b46e8d64be-i586.cache-4
85763000-85766000 ---p 00000000 00:00 0 
85766000-858b4000 rw-p 00000000 00:00 0          [stack:22529]
858b4000-858ca000 r--s 00000000 08:01 32903      /var/cache/fontconfig/7ef2298fde41cc6eeb7af42e48b7d293-i586.cache-4
858ca000-8591e000 r--s 00000000 08:01 32898      /var/cache/fontconfig/17090aa38d5c6f09fb8c5c354938f1d7-i586.cache-4
8591e000-85972000 r--s 00000000 08:01 32910      /var/cache/fontconfig/df311e82a1a24c41a75c2c930223552e-i586.cache-4
85980000-8599c000 r--s 00393000 08:01 534721     /usr/lib/jvm/java-1.8.0-openjdk-1.8.0/jre/lib/ext/cldrdata.jar
8599c000-859ad000 r-xp 00000000 08:01 534758     /usr/lib/jvm/java-1.8.0-openjdk-1.8.0/jre/lib/i386/libnio.so
859ad000-859ae000 r--p 00010000 08:01 534758     /usr/lib/jvm/java-1.8.0-openjdk-1.8.0/jre/lib/i386/libnio.so
859ae000-859af000 rw-p 00011000 08:01 534758     /usr/lib/jvm/java-1.8.0-openjdk-1.8.0/jre/lib/i386/libnio.so
859af000-85aaf000 rw-p 00000000 00:00 0 
85aaf000-85ab2000 ---p 00000000 00:00 0 
85ab2000-85b00000 rw-p 00000000 00:00 0          [stack:22526]
85b00000-85bf9000 rw-p 00000000 00:00 0 
85bf9000-85c00000 ---p 00000000 00:00 0 
85c03000-85c08000 r-xp 00000000 08:01 459066     /lib/libnss_dns-2.19.so
85c08000-85c09000 r--p 00004000 08:01 459066     /lib/libnss_dns-2.19.so
85c09000-85c0a000 rw-p 00005000 08:01 459066     /lib/libnss_dns-2.19.so
85c0a000-85c1d000 r--s 00000000 08:01 32904      /var/cache/fontconfig/8d4af663993b81a124ee82e610bb31f9-i586.cache-4
85c1d000-85c20000 ---p 00000000 00:00 0 
85c20000-85c6e000 rw-p 00000000 00:00 0          [stack:22525]
85c6e000-85cfb000 r-xp 00000000 08:01 528650     /usr/lib/libfreetype.so.6.11.2
85cfb000-85cff000 r--p 0008c000 08:01 528650     /usr/lib/libfreetype.so.6.11.2
85cff000-85d00000 rw-p 00090000 08:01 528650     /usr/lib/libfreetype.so.6.11.2
85d00000-85dff000 rw-p 00000000 00:00 0 
85dff000-85e00000 ---p 00000000 00:00 0 
85e00000-85e06000 r--s 00000000 08:01 32909      /var/cache/fontconfig/d62e99ef547d1d24cdb1bd22ec1a2976-i586.cache-4
85e06000-85e11000 r--s 00000000 08:01 32907      /var/cache/fontconfig/d42e465d3d703735db7577b46e8d64be-i586.cache-4
85e14000-85e16000 r--s 00000000 08:01 32908      /var/cache/fontconfig/d458be102e54cf534d1eef0dcbb02d07-i586.cache-4
85e16000-85e21000 r--s 00116000 08:01 534724     /usr/lib/jvm/java-1.8.0-openjdk-1.8.0/jre/lib/ext/localedata.jar
85e21000-85e38000 r-xp 00000000 08:01 534757     /usr/lib/jvm/java-1.8.0-openjdk-1.8.0/jre/lib/i386/libnet.so
85e38000-85e39000 r--p 00016000 08:01 534757     /usr/lib/jvm/java-1.8.0-openjdk-1.8.0/jre/lib/i386/libnet.so
85e39000-85e3a000 rw-p 00017000 08:01 534757     /usr/lib/jvm/java-1.8.0-openjdk-1.8.0/jre/lib/i386/libnet.so
85e3a000-85e44000 r-xp 00000000 08:01 528507     /usr/lib/libXcursor.so.1.0.2
85e44000-85e45000 r--p 00009000 08:01 528507     /usr/lib/libXcursor.so.1.0.2
85e45000-85e46000 rw-p 0000a000 08:01 528507     /usr/lib/libXcursor.so.1.0.2
85e46000-85e80000 r-xp 00000000 08:01 528942     /usr/lib/libpng16.so.16.13.0
85e80000-85e81000 r--p 00039000 08:01 528942     /usr/lib/libpng16.so.16.13.0
85e81000-85e82000 rw-p 0003a000 08:01 528942     /usr/lib/libpng16.so.16.13.0
85e82000-85ed2000 r-xp 00000000 08:01 534737     /usr/lib/jvm/java-1.8.0-openjdk-1.8.0/jre/lib/i386/libfontmanager.so
85ed2000-85ed4000 r--p 0004f000 08:01 534737     /usr/lib/jvm/java-1.8.0-openjdk-1.8.0/jre/lib/i386/libfontmanager.so
85ed4000-85ed5000 rw-p 00051000 08:01 534737     /usr/lib/jvm/java-1.8.0-openjdk-1.8.0/jre/lib/i386/libfontmanager.so
85ed5000-85ee8000 r--s 00345000 08:01 534710     /usr/lib/jvm/java-1.8.0-openjdk-1.8.0/jre/lib/resources.jar
85ee8000-85f09000 r-xp 00000000 08:01 529085     /usr/lib/libxcb.so.1.1.0
85f09000-85f0a000 r--p 00020000 08:01 529085     /usr/lib/libxcb.so.1.1.0
85f0a000-85f0b000 rw-p 00021000 08:01 529085     /usr/lib/libxcb.so.1.1.0
85f0b000-85f1a000 r-xp 00000000 08:01 528515     /usr/lib/libXi.so.6.1.0
85f1a000-85f1b000 r--p 0000e000 08:01 528515     /usr/lib/libXi.so.6.1.0
85f1b000-85f1c000 rw-p 0000f000 08:01 528515     /usr/lib/libXi.so.6.1.0
85f1c000-86053000 r-xp 00000000 08:01 528502     /usr/lib/libX11.so.6.3.0
86053000-86054000 r--p 00136000 08:01 528502     /usr/lib/libX11.so.6.3.0
86054000-86057000 rw-p 00137000 08:01 528502     /usr/lib/libX11.so.6.3.0
86057000-860ac000 r-xp 00000000 08:01 534735     /usr/lib/jvm/java-1.8.0-openjdk-1.8.0/jre/lib/i386/libawt_xawt.so
860ac000-860ad000 r--p 00054000 08:01 534735     /usr/lib/jvm/java-1.8.0-openjdk-1.8.0/jre/lib/i386/libawt_xawt.so
860ad000-860af000 rw-p 00055000 08:01 534735     /usr/lib/jvm/java-1.8.0-openjdk-1.8.0/jre/lib/i386/libawt_xawt.so
860af000-860b0000 rw-p 00000000 00:00 0 
860b0000-86140000 r-xp 00000000 08:01 534733     /usr/lib/jvm/java-1.8.0-openjdk-1.8.0/jre/lib/i386/libawt.so
86140000-86141000 r--p 0008f000 08:01 534733     /usr/lib/jvm/java-1.8.0-openjdk-1.8.0/jre/lib/i386/libawt.so
86141000-86148000 rw-p 00090000 08:01 534733     /usr/lib/jvm/java-1.8.0-openjdk-1.8.0/jre/lib/i386/libawt.so
86148000-8616c000 rw-p 00000000 00:00 0 
8616c000-8616d000 ---p 00000000 00:00 0 
8616d000-861ed000 rw-p 00000000 00:00 0          [stack:22524]
861ed000-861f0000 ---p 00000000 00:00 0 
861f0000-8623e000 rw-p 00000000 00:00 0          [stack:22523]
8623e000-86241000 ---p 00000000 00:00 0 
86241000-862bf000 rw-p 00000000 00:00 0          [stack:22522]
862bf000-862c2000 ---p 00000000 00:00 0 
862c2000-86340000 rw-p 00000000 00:00 0          [stack:22521]
86340000-86343000 ---p 00000000 00:00 0 
86343000-86391000 rw-p 00000000 00:00 0          [stack:22520]
86391000-863d0000 r--p 00000000 08:01 541219     /usr/lib/locale/en_US.utf8/LC_CTYPE
863d0000-86500000 r--p 00000000 08:01 541204     /usr/lib/locale/en_US.utf8/LC_COLLATE
86500000-86600000 rw-p 00000000 00:00 0 
86600000-86604000 r-xp 00000000 08:01 528511     /usr/lib/libXfixes.so.3.1.0
86604000-86605000 r--p 00003000 08:01 528511     /usr/lib/libXfixes.so.3.1.0
86605000-86606000 rw-p 00004000 08:01 528511     /usr/lib/libXfixes.so.3.1.0
86606000-86608000 r-xp 00000000 08:01 528504     /usr/lib/libXau.so.6.0.0
86608000-86609000 r--p 00001000 08:01 528504     /usr/lib/libXau.so.6.0.0
86609000-8660a000 rw-p 00002000 08:01 528504     /usr/lib/libXau.so.6.0.0
8660a000-8660f000 r-xp 00000000 08:01 528526     /usr/lib/libXtst.so.6.1.0
8660f000-86610000 r--p 00004000 08:01 528526     /usr/lib/libXtst.so.6.1.0
86610000-86611000 rw-p 00005000 08:01 528526     /usr/lib/libXtst.so.6.1.0
86611000-8661a000 r-xp 00000000 08:01 528523     /usr/lib/libXrender.so.1.3.0
8661a000-8661b000 r--p 00008000 08:01 528523     /usr/lib/libXrender.so.1.3.0
8661b000-8661c000 rw-p 00009000 08:01 528523     /usr/lib/libXrender.so.1.3.0
8661c000-8661f000 ---p 00000000 00:00 0 
8661f000-8666d000 rw-p 00000000 00:00 0          [stack:22519]
8666d000-86670000 ---p 00000000 00:00 0 
86670000-866be000 rw-p 00000000 00:00 0          [stack:22518]
866be000-866bf000 ---p 00000000 00:00 0 
866bf000-8678c000 rw-p 00000000 00:00 0          [stack:22517]
8678c000-86959000 r--s 03bd3000 08:01 534711     /usr/lib/jvm/java-1.8.0-openjdk-1.8.0/jre/lib/rt.jar
86959000-86dfa000 rw-p 00000000 00:00 0 
86dfa000-86e00000 ---p 00000000 00:00 0 
86e00000-918a0000 rw-p 00000000 00:00 0 
918a0000-a6e00000 rw-p 00000000 00:00 0 
a6e00000-a6e11000 r-xp 00000000 08:01 528510     /usr/lib/libXext.so.6.4.0
a6e11000-a6e12000 r--p 00010000 08:01 528510     /usr/lib/libXext.so.6.4.0
a6e12000-a6e13000 rw-p 00011000 08:01 528510     /usr/lib/libXext.so.6.4.0
a6e13000-a6e15000 r--s 0000c000 08:01 903501     /opt/eclipse/plugins/org.hamcrest.core_1.3.0.v201303031735.jar
a6e15000-a6e1b000 r--s 00036000 08:01 904318     /opt/eclipse/plugins/org.junit_4.11.0.v201303080030/junit.jar
a6e1b000-a6e1d000 r--s 00000000 08:01 32908      /var/cache/fontconfig/d458be102e54cf534d1eef0dcbb02d07-i586.cache-4
a6e1d000-a6e23000 r--s 00000000 08:01 32909      /var/cache/fontconfig/d62e99ef547d1d24cdb1bd22ec1a2976-i586.cache-4
a6e23000-a6e26000 r--s 0000f000 08:01 534723     /usr/lib/jvm/java-1.8.0-openjdk-1.8.0/jre/lib/ext/icedtea-sound.jar
a6e26000-a6e27000 r--p 00000000 08:01 541255     /usr/lib/locale/en_US.utf8/LC_NUMERIC
a6e27000-a6e28000 r--p 00000000 08:01 542006     /usr/lib/locale/en_US.utf8/LC_TIME
a6e28000-a6e29000 r--p 00000000 08:01 542004     /usr/lib/locale/en_US.utf8/LC_MONETARY
a6e29000-a6e2a000 r--p 00000000 08:01 549070     /usr/lib/locale/en_US.utf8/LC_MESSAGES/SYS_LC_MESSAGES
a6e2a000-a6e2b000 r--p 00000000 08:01 541855     /usr/lib/locale/en_US.utf8/LC_PAPER
a6e2b000-a6e2c000 r--p 00000000 08:01 541714     /usr/lib/locale/en_US.utf8/LC_NAME
a6e2c000-a6e2d000 r--p 00000000 08:01 542001     /usr/lib/locale/en_US.utf8/LC_ADDRESS
a6e2d000-a6e2e000 r--p 00000000 08:01 542005     /usr/lib/locale/en_US.utf8/LC_TELEPHONE
a6e2e000-a6ed9000 rw-p 00000000 00:00 0 
a6ed9000-a6f2e000 rw-p 00000000 00:00 0 
a6f2e000-a6fd9000 rw-p 00000000 00:00 0 
a6fd9000-a6fe3000 rw-p 00000000 00:00 0 
a6fe3000-a739a000 ---p 00000000 00:00 0 
a739a000-a75da000 rwxp 00000000 00:00 0 
a75da000-b639a000 ---p 00000000 00:00 0 
b639a000-b63a2000 r-xp 00000000 08:01 534766     /usr/lib/jvm/java-1.8.0-openjdk-1.8.0/jre/lib/i386/libzip.so
b63a2000-b63a3000 r--p 00007000 08:01 534766     /usr/lib/jvm/java-1.8.0-openjdk-1.8.0/jre/lib/i386/libzip.so
b63a3000-b63a4000 rw-p 00008000 08:01 534766     /usr/lib/jvm/java-1.8.0-openjdk-1.8.0/jre/lib/i386/libzip.so
b63a4000-b63af000 r-xp 00000000 08:01 459067     /lib/libnss_files-2.19.so
b63af000-b63b0000 r--p 0000a000 08:01 459067     /lib/libnss_files-2.19.so
b63b0000-b63b1000 rw-p 0000b000 08:01 459067     /lib/libnss_files-2.19.so
b63b1000-b63bb000 r-xp 00000000 08:01 459069     /lib/libnss_nis-2.19.so
b63bb000-b63bc000 r--p 00009000 08:01 459069     /lib/libnss_nis-2.19.so
b63bc000-b63bd000 rw-p 0000a000 08:01 459069     /lib/libnss_nis-2.19.so
b63bd000-b63d2000 r-xp 00000000 08:01 459063     /lib/libnsl-2.19.so
b63d2000-b63d3000 r--p 00015000 08:01 459063     /lib/libnsl-2.19.so
b63d3000-b63d4000 rw-p 00016000 08:01 459063     /lib/libnsl-2.19.so
b63d4000-b63d6000 rw-p 00000000 00:00 0 
b63d6000-b63fe000 r-xp 00000000 08:01 534745     /usr/lib/jvm/java-1.8.0-openjdk-1.8.0/jre/lib/i386/libjava.so
b63fe000-b63ff000 r--p 00027000 08:01 534745     /usr/lib/jvm/java-1.8.0-openjdk-1.8.0/jre/lib/i386/libjava.so
b63ff000-b6400000 rw-p 00028000 08:01 534745     /usr/lib/jvm/java-1.8.0-openjdk-1.8.0/jre/lib/i386/libjava.so
b6400000-b6500000 rw-p 00000000 00:00 0 
b6500000-b6501000 r--p 00000000 08:01 542003     /usr/lib/locale/en_US.utf8/LC_MEASUREMENT
b6501000-b6508000 r-xp 00000000 08:01 459064     /lib/libnss_compat-2.19.so
b6508000-b6509000 r--p 00006000 08:01 459064     /lib/libnss_compat-2.19.so
b6509000-b650a000 rw-p 00007000 08:01 459064     /lib/libnss_compat-2.19.so
b650a000-b6511000 r--s 00000000 08:01 533920     /usr/lib/gconv/gconv-modules.cache
b6511000-b6512000 r--p 00000000 08:01 542002     /usr/lib/locale/en_US.utf8/LC_IDENTIFICATION
b6512000-b651a000 rw-s 00000000 08:01 409662     /tmp/hsperfdata_prog2/22510
b651a000-b6521000 r-xp 00000000 08:01 459079     /lib/librt-2.19.so
b6521000-b6522000 r--p 00006000 08:01 459079     /lib/librt-2.19.so
b6522000-b6523000 rw-p 00007000 08:01 459079     /lib/librt-2.19.so
b6523000-b6526000 ---p 00000000 00:00 0 
b6526000-b6574000 rw-p 00000000 00:00 0          [stack:22516]
b6574000-b658f000 r-xp 00000000 08:01 459051     /lib/libgcc_s.so.1
b658f000-b6590000 r--p 0001a000 08:01 459051     /lib/libgcc_s.so.1
b6590000-b6591000 rw-p 0001b000 08:01 459051     /lib/libgcc_s.so.1
b6591000-b65d5000 r-xp 00000000 08:01 459056     /lib/libm-2.19.so
b65d5000-b65d6000 r--p 00043000 08:01 459056     /lib/libm-2.19.so
b65d6000-b65d7000 rw-p 00044000 08:01 459056     /lib/libm-2.19.so
b65d7000-b66b8000 r-xp 00000000 08:01 529015     /usr/lib/libstdc++.so.6.0.19
b66b8000-b66bc000 r--p 000e0000 08:01 529015     /usr/lib/libstdc++.so.6.0.19
b66bc000-b66bd000 rw-p 000e4000 08:01 529015     /usr/lib/libstdc++.so.6.0.19
b66bd000-b66c4000 rw-p 00000000 00:00 0 
b66c4000-b7141000 r-xp 00000000 08:01 534769     /usr/lib/jvm/java-1.8.0-openjdk-1.8.0/jre/lib/i386/server/libjvm.so
b7141000-b718d000 r--p 00a7c000 08:01 534769     /usr/lib/jvm/java-1.8.0-openjdk-1.8.0/jre/lib/i386/server/libjvm.so
b718d000-b71a4000 rw-p 00ac8000 08:01 534769     /usr/lib/jvm/java-1.8.0-openjdk-1.8.0/jre/lib/i386/server/libjvm.so
b71a4000-b75c3000 rw-p 00000000 00:00 0 
b75c3000-b75db000 r-xp 00000000 08:01 459076     /lib/libpthread-2.19.so
b75db000-b75dc000 r--p 00017000 08:01 459076     /lib/libpthread-2.19.so
b75dc000-b75dd000 rw-p 00018000 08:01 459076     /lib/libpthread-2.19.so
b75dd000-b75df000 rw-p 00000000 00:00 0 
b75df000-b75e2000 r-xp 00000000 08:01 459044     /lib/libdl-2.19.so
b75e2000-b75e3000 r--p 00002000 08:01 459044     /lib/libdl-2.19.so
b75e3000-b75e4000 rw-p 00003000 08:01 459044     /lib/libdl-2.19.so
b75e4000-b75f9000 r-xp 00000000 08:01 459091     /lib/libz.so.1.2.8
b75f9000-b75fa000 r--p 00014000 08:01 459091     /lib/libz.so.1.2.8
b75fa000-b75fb000 rw-p 00015000 08:01 459091     /lib/libz.so.1.2.8
b75fb000-b75fc000 rw-p 00000000 00:00 0 
b75fc000-b77a2000 r-xp 00000000 08:01 459033     /lib/libc-2.19.so
b77a2000-b77a4000 r--p 001a6000 08:01 459033     /lib/libc-2.19.so
b77a4000-b77a5000 rw-p 001a8000 08:01 459033     /lib/libc-2.19.so
b77a5000-b77a9000 rw-p 00000000 00:00 0 
b77a9000-b77aa000 r--p 00000000 00:00 0 
b77aa000-b77b5000 r-xp 00000000 08:01 534765     /usr/lib/jvm/java-1.8.0-openjdk-1.8.0/jre/lib/i386/libverify.so
b77b5000-b77b6000 ---p 0000b000 08:01 534765     /usr/lib/jvm/java-1.8.0-openjdk-1.8.0/jre/lib/i386/libverify.so
b77b6000-b77b7000 r--p 0000b000 08:01 534765     /usr/lib/jvm/java-1.8.0-openjdk-1.8.0/jre/lib/i386/libverify.so
b77b7000-b77b8000 rw-p 0000c000 08:01 534765     /usr/lib/jvm/java-1.8.0-openjdk-1.8.0/jre/lib/i386/libverify.so
b77b8000-b77c5000 r-xp 00000000 08:01 534767     /usr/lib/jvm/java-1.8.0-openjdk-1.8.0/jre/lib/i386/jli/libjli.so
b77c5000-b77c6000 r--p 0000c000 08:01 534767     /usr/lib/jvm/java-1.8.0-openjdk-1.8.0/jre/lib/i386/jli/libjli.so
b77c6000-b77c7000 rw-p 0000d000 08:01 534767     /usr/lib/jvm/java-1.8.0-openjdk-1.8.0/jre/lib/i386/jli/libjli.so
b77c7000-b77c8000 rw-p 00000000 00:00 0 
b77c8000-b77c9000 r-xp 00000000 00:00 0          [vdso]
b77c9000-b77cb000 r--p 00000000 00:00 0          [vvar]
b77cb000-b77eb000 r-xp 00000000 08:01 459019     /lib/ld-2.19.so
b77eb000-b77ec000 r--p 00020000 08:01 459019     /lib/ld-2.19.so
b77ec000-b77ed000 rw-p 00021000 08:01 459019     /lib/ld-2.19.so
bfde0000-bfde1000 rwxp 00000000 00:00 0 
bfe13000-bfe34000 rw-p 00000000 00:00 0          [stack]

VM Arguments:
jvm_args: -Dfile.encoding=UTF-8 
java_command: ttfe.TTFE
java_class_path (initial): /home/prog2/Java/project3/bin:/opt/eclipse/plugins/org.junit_4.11.0.v201303080030/junit.jar:/opt/eclipse/plugins/org.hamcrest.core_1.3.0.v201303031735.jar
Launcher Type: SUN_STANDARD

Environment Variables:
JAVA_HOME=/usr/lib/jvm/jre
JRE_HOME=/usr/lib/jvm/jre
PATH=/home/prog2/bin:/usr/local/bin:/usr/bin:/bin:/usr/bin/X11:/usr/games:/opt/cross/bin
LD_LIBRARY_PATH=/usr/lib/jvm/java-1.8.0-openjdk-1.8.0/jre/lib/i386/server:/usr/lib/jvm/java-1.8.0-openjdk-1.8.0/jre/lib/i386:
SHELL=/bin/bash
DISPLAY=:0
HOSTTYPE=i386
OSTYPE=linux
MACHTYPE=i686-suse-linux

Signal Handlers:
SIGSEGV: [libjvm.so+0x8717c0], sa_mask[0]=11111111011111111101111111111110, sa_flags=SA_RESTART|SA_SIGINFO
SIGBUS: [libjvm.so+0x8717c0], sa_mask[0]=11111111011111111101111111111110, sa_flags=SA_RESTART|SA_SIGINFO
SIGFPE: [libjvm.so+0x6eba50], sa_mask[0]=11111111011111111101111111111110, sa_flags=SA_RESTART|SA_SIGINFO
SIGPIPE: [libjvm.so+0x6eba50], sa_mask[0]=11111111011111111101111111111110, sa_flags=SA_RESTART|SA_SIGINFO
SIGXFSZ: [libjvm.so+0x6eba50], sa_mask[0]=11111111011111111101111111111110, sa_flags=SA_RESTART|SA_SIGINFO
SIGILL: [libjvm.so+0x6eba50], sa_mask[0]=11111111011111111101111111111110, sa_flags=SA_RESTART|SA_SIGINFO
SIGUSR1: SIG_DFL, sa_mask[0]=00000000000000000000000000000000, sa_flags=none
SIGUSR2: [libjvm.so+0x6eb890], sa_mask[0]=00100000000000000000000000000000, sa_flags=SA_RESTART|SA_SIGINFO
SIGHUP: [libjvm.so+0x6ebb20], sa_mask[0]=11111111011111111101111111111110, sa_flags=SA_RESTART|SA_SIGINFO
SIGINT: [libjvm.so+0x6ebb20], sa_mask[0]=11111111011111111101111111111110, sa_flags=SA_RESTART|SA_SIGINFO
SIGTERM: [libjvm.so+0x6ebb20], sa_mask[0]=11111111011111111101111111111110, sa_flags=SA_RESTART|SA_SIGINFO
SIGQUIT: [libjvm.so+0x6ebb20], sa_mask[0]=11111111011111111101111111111110, sa_flags=SA_RESTART|SA_SIGINFO


---------------  S Y S T E M  ---------------

OS:openSUSE 13.2 (i586)
VERSION = 13.2
CODENAME = Harlequin
# /etc/SuSE-release is deprecated and will be removed in the future, use /etc/os-release instead

uname:Linux 3.16.7-7-default #1 SMP Wed Dec 17 18:00:44 UTC 2014 (762f27a) i686
libc:glibc 2.19 NPTL 2.19 
rlimit: STACK 8192k, CORE 0k, NPROC 14448, NOFILE 4096, AS infinity
load average:6.51 2.50 1.27

/proc/meminfo:
MemTotal:        1856932 kB
MemFree:          105700 kB
MemAvailable:      47384 kB
Buffers:             292 kB
Cached:            23856 kB
SwapCached:            0 kB
Active:          1697980 kB
Inactive:          19164 kB
Active(anon):    1693560 kB
Inactive(anon):    13924 kB
Active(file):       4420 kB
Inactive(file):     5240 kB
Unevictable:          80 kB
Mlocked:              80 kB
HighTotal:        981960 kB
HighFree:          15544 kB
LowTotal:         874972 kB
LowFree:           90156 kB
SwapTotal:             0 kB
SwapFree:              0 kB
Dirty:                64 kB
Writeback:            36 kB
AnonPages:       1693268 kB
Mapped:            13708 kB
Shmem:             14296 kB
Slab:              16596 kB
SReclaimable:       7968 kB
SUnreclaim:         8628 kB
KernelStack:        2064 kB
PageTables:         4600 kB
NFS_Unstable:          0 kB
Bounce:                0 kB
WritebackTmp:          0 kB
CommitLimit:      928464 kB
Committed_AS:    2660236 kB
VmallocTotal:     122880 kB
VmallocUsed:       25180 kB
VmallocChunk:      93168 kB
HardwareCorrupted:     0 kB
AnonHugePages:    888832 kB
HugePages_Total:       0
HugePages_Free:        0
HugePages_Rsvd:        0
HugePages_Surp:        0
Hugepagesize:       4096 kB
DirectMap4k:       32760 kB
DirectMap4M:      872448 kB


CPU:total 1 (1 cores per cpu, 1 threads per core) family 6 model 42 stepping 7, cmov, cx8, fxsr, mmx, sse, sse2, sse3, ssse3, tsc

/proc/cpuinfo:
processor	: 0
vendor_id	: GenuineIntel
cpu family	: 6
model		: 42
model name	: Intel(R) Core(TM) i7-2620M CPU @ 2.70GHz
stepping	: 7
cpu MHz		: 2692.882
cache size	: 6144 KB
physical id	: 0
siblings	: 1
core id		: 0
cpu cores	: 1
apicid		: 0
initial apicid	: 0
fdiv_bug	: no
f00f_bug	: no
coma_bug	: no
fpu		: yes
fpu_exception	: yes
cpuid level	: 5
wp		: yes
flags		: fpu vme de pse tsc msr pae mce cx8 apic sep mtrr pge mca cmov pat pse36 clflush mmx fxsr sse sse2 nx rdtscp constant_tsc pni monitor ssse3
bogomips	: 5385.76
clflush size	: 64
cache_alignment	: 64
address sizes	: 36 bits physical, 48 bits virtual
power management:



Memory: 4k page, physical 1856932k(105700k free), swap 0k(0k free)

vm_info: OpenJDK Server VM (25.40-b25) for linux-x86 JRE (1.8.0_40-b25), built on Mar  4 2015 16:29:18 by "abuild" with gcc 4.8.3 20140627 [gcc-4_8-branch revision 212064]

time: Mon Jun 22 19:28:14 2015
elapsed time: 42 seconds (0d 0h 0m 42s)

